<?xml version="1.0" encoding="UTF-8"?>
<!-- Generated by org.testng.reporters.JUnitReportReporter -->
<testsuite hostname="DESKTOP-3OONJHS" failures="0" tests="5" name="magentoSoftwareTestingBoard.MagentoSoftwareTesting" time="47.879" errors="0" timestamp="2024-09-19T02:22:52 AST" skipped="0">
  <testcase classname="magentoSoftwareTestingBoard.MagentoSoftwareTesting" name="createAnAccountTest" time="5.758"/>
  <system-out/>
  <testcase classname="magentoSoftwareTestingBoard.MagentoSoftwareTesting" name="signUp" time="1.112"/>
  <system-out/>
  <testcase classname="magentoSoftwareTestingBoard.MagentoSoftwareTesting" name="signIn" time="4.379"/>
  <system-out/>
  <testcase classname="magentoSoftwareTestingBoard.MagentoSoftwareTesting" name="addWomenItem" time="25.795"/>
  <system-out/>
  <testcase classname="magentoSoftwareTestingBoard.MagentoSoftwareTesting" name="addMenItems" time="10.835"/>
  <system-out/>
</testsuite> <!-- magentoSoftwareTestingBoard.MagentoSoftwareTesting -->
