<?xml version="1.0" encoding="UTF-8"?>
<!-- Generated by org.testng.reporters.JUnitReportReporter -->
<testsuite hostname="DESKTOP-3OONJHS" failures="0" tests="3" name="magentoSoftwareTestingBoard.MagentoSoftwareTesting" time="12.404" errors="0" timestamp="2024-09-18T00:57:06 AST" skipped="0">
  <testcase classname="magentoSoftwareTestingBoard.MagentoSoftwareTesting" name="createAnAccountTest" time="6.823"/>
  <system-out/>
  <testcase classname="magentoSoftwareTestingBoard.MagentoSoftwareTesting" name="signUp" time="1.123"/>
  <system-out/>
  <testcase classname="magentoSoftwareTestingBoard.MagentoSoftwareTesting" name="login" time="4.458"/>
  <system-out/>
</testsuite> <!-- magentoSoftwareTestingBoard.MagentoSoftwareTesting -->
