<?xml version="1.0" encoding="UTF-8"?>
<!-- Generated by org.testng.reporters.JUnitReportReporter -->
<testsuite hostname="DESKTOP-3OONJHS" failures="0" tests="5" name="magentoSoftwareTestingBoard.MagentoSoftwareTesting" time="43.074" errors="0" timestamp="2024-09-19T02:56:07 AST" skipped="0">
  <testcase classname="magentoSoftwareTestingBoard.MagentoSoftwareTesting" name="createAnAccountTest" time="5.965"/>
  <system-out/>
  <testcase classname="magentoSoftwareTestingBoard.MagentoSoftwareTesting" name="signUp" time="1.054"/>
  <system-out/>
  <testcase classname="magentoSoftwareTestingBoard.MagentoSoftwareTesting" name="signIn" time="4.379"/>
  <system-out/>
  <testcase classname="magentoSoftwareTestingBoard.MagentoSoftwareTesting" name="addWomenItem" time="24.973"/>
  <system-out/>
  <testcase classname="magentoSoftwareTestingBoard.MagentoSoftwareTesting" name="addMenItems" time="6.703"/>
  <system-out/>
</testsuite> <!-- magentoSoftwareTestingBoard.MagentoSoftwareTesting -->
